C:\Program Files (x86)\Microsoft Visual Studio\2019\Professional\MSBuild\Microsoft\VC\v160\Microsoft.CppBuild.targets(459,5): warning MSB8028: The intermediate directory (x64\Debug\) contains files shared from another project (ParallaxOcclusionMapping.vcxproj, depthMap.vcxproj, framebuffersN.vcxproj, shadows.vcxproj).  This can lead to incorrect clean and rebuild behavior.
main.obj : error LNK2001: unresolved external symbol __glewActiveTexture
main.obj : error LNK2001: unresolved external symbol __glewBindBuffer
main.obj : error LNK2001: unresolved external symbol __glewBufferData
main.obj : error LNK2001: unresolved external symbol __glewGenBuffers
main.obj : error LNK2001: unresolved external symbol __glewAttachShader
main.obj : error LNK2001: unresolved external symbol __glewCompileShader
main.obj : error LNK2001: unresolved external symbol __glewCreateProgram
main.obj : error LNK2001: unresolved external symbol __glewCreateShader
main.obj : error LNK2001: unresolved external symbol __glewDeleteShader
main.obj : error LNK2001: unresolved external symbol __glewEnableVertexAttribArray
main.obj : error LNK2001: unresolved external symbol __glewGetProgramInfoLog
main.obj : error LNK2001: unresolved external symbol __glewGetProgramiv
main.obj : error LNK2001: unresolved external symbol __glewGetShaderInfoLog
main.obj : error LNK2001: unresolved external symbol __glewGetShaderiv
main.obj : error LNK2001: unresolved external symbol __glewGetUniformLocation
main.obj : error LNK2001: unresolved external symbol __glewLinkProgram
main.obj : error LNK2001: unresolved external symbol __glewShaderSource
main.obj : error LNK2001: unresolved external symbol __glewUniform1f
main.obj : error LNK2001: unresolved external symbol __glewUniform1i
main.obj : error LNK2001: unresolved external symbol __glewUniform3fv
main.obj : error LNK2001: unresolved external symbol __glewUniformMatrix4fv
main.obj : error LNK2001: unresolved external symbol __glewUseProgram
main.obj : error LNK2001: unresolved external symbol __glewVertexAttribPointer
main.obj : error LNK2001: unresolved external symbol __glewBindFramebuffer
main.obj : error LNK2001: unresolved external symbol __glewBindRenderbuffer
main.obj : error LNK2001: unresolved external symbol __glewCheckFramebufferStatus
main.obj : error LNK2001: unresolved external symbol __glewFramebufferRenderbuffer
main.obj : error LNK2001: unresolved external symbol __glewFramebufferTexture2D
main.obj : error LNK2001: unresolved external symbol __glewGenFramebuffers
main.obj : error LNK2001: unresolved external symbol __glewGenRenderbuffers
main.obj : error LNK2001: unresolved external symbol __glewGenerateMipmap
main.obj : error LNK2001: unresolved external symbol __glewRenderbufferStorage
main.obj : error LNK2001: unresolved external symbol __glewBindVertexArray
main.obj : error LNK2001: unresolved external symbol __glewGenVertexArrays
D:\OpenGL\Rmapping\x64\Debug\Rmapping.exe : fatal error LNK1120: 34 unresolved externals
