C:\Program Files (x86)\Microsoft Visual Studio\2019\Professional\MSBuild\Microsoft\VC\v160\Microsoft.CppBuild.targets(459,5): warning MSB8028: The intermediate directory (x64\Release\) contains files shared from another project (ParallaxOcclusionMapping.vcxproj).  This can lead to incorrect clean and rebuild behavior.
cl : command line warning D9025: overriding '/sdl' with '/GS-'
  main.cpp
D:\OpenGL\Rmapping\dependencia\include\shader.h(55,41): warning C4101: 'e': unreferenced local variable
D:\OpenGL\Rmapping\Rmapping\src\main.cpp(32,25): warning C4305: 'initializing': truncation from 'double' to 'float'
D:\OpenGL\Rmapping\Rmapping\src\main.cpp(157,28): warning C4244: 'initializing': conversion from 'double' to 'float', possible loss of data
D:\OpenGL\Rmapping\Rmapping\src\main.cpp(497,17): warning C4244: '=': conversion from 'double' to 'float', possible loss of data
D:\OpenGL\Rmapping\Rmapping\src\main.cpp(498,17): warning C4244: '=': conversion from 'double' to 'float', possible loss of data
D:\OpenGL\Rmapping\Rmapping\src\main.cpp(502,19): warning C4244: 'initializing': conversion from 'double' to 'float', possible loss of data
D:\OpenGL\Rmapping\Rmapping\src\main.cpp(503,19): warning C4244: 'initializing': conversion from 'double' to 'float', possible loss of data
D:\OpenGL\Rmapping\Rmapping\src\main.cpp(505,13): warning C4244: '=': conversion from 'double' to 'float', possible loss of data
D:\OpenGL\Rmapping\Rmapping\src\main.cpp(506,13): warning C4244: '=': conversion from 'double' to 'float', possible loss of data
D:\OpenGL\Rmapping\Rmapping\src\main.cpp(515,31): warning C4244: 'argument': conversion from 'double' to 'float', possible loss of data
LINK : warning LNK4098: defaultlib 'LIBCMT' conflicts with use of other libs; use /NODEFAULTLIB:library
LINK : warning LNK4098: defaultlib 'MSVCRTD' conflicts with use of other libs; use /NODEFAULTLIB:library
  Generating code
  Not all modules are compiled with -Gy (function comdat), build without incremental LTCG.
  Finished generating code
glew32s.lib(glew.obj) : warning LNK4099: PDB 'vc120.pdb' was not found with 'glew32s.lib(glew.obj)' or at 'D:\OpenGL\Rmapping\x64\Release\vc120.pdb'; linking object as if no debug info
glfw3.lib(context.obj) : warning LNK4099: PDB 'glfw.pdb' was not found with 'glfw3.lib(context.obj)' or at 'D:\OpenGL\Rmapping\x64\Release\glfw.pdb'; linking object as if no debug info
glfw3.lib(init.obj) : warning LNK4099: PDB 'glfw.pdb' was not found with 'glfw3.lib(init.obj)' or at 'D:\OpenGL\Rmapping\x64\Release\glfw.pdb'; linking object as if no debug info
glfw3.lib(input.obj) : warning LNK4099: PDB 'glfw.pdb' was not found with 'glfw3.lib(input.obj)' or at 'D:\OpenGL\Rmapping\x64\Release\glfw.pdb'; linking object as if no debug info
glfw3.lib(monitor.obj) : warning LNK4099: PDB 'glfw.pdb' was not found with 'glfw3.lib(monitor.obj)' or at 'D:\OpenGL\Rmapping\x64\Release\glfw.pdb'; linking object as if no debug info
glfw3.lib(vulkan.obj) : warning LNK4099: PDB 'glfw.pdb' was not found with 'glfw3.lib(vulkan.obj)' or at 'D:\OpenGL\Rmapping\x64\Release\glfw.pdb'; linking object as if no debug info
glfw3.lib(window.obj) : warning LNK4099: PDB 'glfw.pdb' was not found with 'glfw3.lib(window.obj)' or at 'D:\OpenGL\Rmapping\x64\Release\glfw.pdb'; linking object as if no debug info
glfw3.lib(win32_init.obj) : warning LNK4099: PDB 'glfw.pdb' was not found with 'glfw3.lib(win32_init.obj)' or at 'D:\OpenGL\Rmapping\x64\Release\glfw.pdb'; linking object as if no debug info
glfw3.lib(win32_joystick.obj) : warning LNK4099: PDB 'glfw.pdb' was not found with 'glfw3.lib(win32_joystick.obj)' or at 'D:\OpenGL\Rmapping\x64\Release\glfw.pdb'; linking object as if no debug info
glfw3.lib(win32_monitor.obj) : warning LNK4099: PDB 'glfw.pdb' was not found with 'glfw3.lib(win32_monitor.obj)' or at 'D:\OpenGL\Rmapping\x64\Release\glfw.pdb'; linking object as if no debug info
glfw3.lib(win32_time.obj) : warning LNK4099: PDB 'glfw.pdb' was not found with 'glfw3.lib(win32_time.obj)' or at 'D:\OpenGL\Rmapping\x64\Release\glfw.pdb'; linking object as if no debug info
glfw3.lib(win32_thread.obj) : warning LNK4099: PDB 'glfw.pdb' was not found with 'glfw3.lib(win32_thread.obj)' or at 'D:\OpenGL\Rmapping\x64\Release\glfw.pdb'; linking object as if no debug info
glfw3.lib(win32_window.obj) : warning LNK4099: PDB 'glfw.pdb' was not found with 'glfw3.lib(win32_window.obj)' or at 'D:\OpenGL\Rmapping\x64\Release\glfw.pdb'; linking object as if no debug info
glfw3.lib(wgl_context.obj) : warning LNK4099: PDB 'glfw.pdb' was not found with 'glfw3.lib(wgl_context.obj)' or at 'D:\OpenGL\Rmapping\x64\Release\glfw.pdb'; linking object as if no debug info
glfw3.lib(egl_context.obj) : warning LNK4099: PDB 'glfw.pdb' was not found with 'glfw3.lib(egl_context.obj)' or at 'D:\OpenGL\Rmapping\x64\Release\glfw.pdb'; linking object as if no debug info
glfw3.lib(osmesa_context.obj) : warning LNK4099: PDB 'glfw.pdb' was not found with 'glfw3.lib(osmesa_context.obj)' or at 'D:\OpenGL\Rmapping\x64\Release\glfw.pdb'; linking object as if no debug info
  Rmapping.vcxproj -> D:\OpenGL\Rmapping\x64\Release\Rmapping.exe
